C51 COMPILER V9.60.0.0   MAIN                                                              03/28/2024 17:33:05 PAGE 1   


C51 COMPILER V9.60.0.0, COMPILATION OF MODULE MAIN
OBJECT MODULE PLACED IN .\Objects\main.obj
COMPILER INVOKED BY: C:\Keil_v5\C51\BIN\C51.EXE main.c OPTIMIZE(8,SPEED) BROWSE DEBUG OBJECTEXTEND PRINT(.\Listings\main
                    -.lst) OBJECT(.\Objects\main.obj)

line level    source

   1          #include "CH552.H"
   2          #include "System.h"
   3          #include "CH552_GPIO.h"
   4          
   5          int main()
   6          {
   7   1              CfgFsys();      //CH559 clock selection configuration
   8   1              mDelaymS(1);
   9   1              //CH559GPIOModeSelt(1, 1, 4); //pin1.4 as output (mode 1)
  10   1              gpio_set_mode(GPIO_MODE_PP, GPIO_PORT_1, GPIO_PIN_4);
  11   1      
  12   1              while (TRUE)
  13   1              {
  14   2                      //SCS = 1;
  15   2                      gpio_set_pin(GPIO_PORT_1, GPIO_PIN_4);
  16   2                      mDelaymS(125);
  17   2                      //SCS = 0;
  18   2                      gpio_clear_pin(GPIO_PORT_1, GPIO_PIN_4);
  19   2                      mDelaymS(125);
  20   2              }
  21   1      }
  22          


MODULE INFORMATION:   STATIC OVERLAYABLE
   CODE SIZE        =     49    ----
   CONSTANT SIZE    =   ----    ----
   XDATA SIZE       =   ----    ----
   PDATA SIZE       =   ----    ----
   DATA SIZE        =   ----    ----
   IDATA SIZE       =   ----    ----
   BIT SIZE         =   ----    ----
END OF MODULE INFORMATION.


C51 COMPILATION COMPLETE.  0 WARNING(S),  0 ERROR(S)
