C51 COMPILER V9.60.0.0   MAIN                                                              05/12/2024 09:36:36 PAGE 1   


C51 COMPILER V9.60.0.0, COMPILATION OF MODULE MAIN
OBJECT MODULE PLACED IN .\Objects\main.obj
COMPILER INVOKED BY: C:\Keil_v5\C51\BIN\C51.EXE main.c LARGE OPTIMIZE(8,SPEED) BROWSE DEBUG OBJECTEXTEND PRINT(.\Listing
                    -s\main.lst) OBJECT(.\Objects\main.obj)

line level    source

   1          #include "CH552.H"
   2          #include "System.h"
   3          #include "CH552_GPIO.h"
   4          #include "CH552_UART.h"
   5          
   6          char code test_string[] = "Booba";
   7          
   8          int main()
   9          {
  10   1              UINT8 time = 0;
  11   1              UINT8 temp = 0;
  12   1              
  13   1              CfgFsys();      //CH559 clock selection configuration
  14   1              gpio_set_mode(GPIO_MODE_PP, GPIO_PORT_1, GPIO_PIN_4);
  15   1              gpio_set_mode(GPIO_MODE_PP, GPIO_PORT_3, GPIO_PIN_1);
  16   1              gpio_set_mode(GPIO_MODE_INPUT, GPIO_PORT_3, GPIO_PIN_0);
  17   1              uart0_init(TIMER_1, BUAD_RATE, UART_0_P30_P31);
  18   1              EA = 1; //enable interupts
  19   1              E_DIS = 0;
  20   1              
  21   1              gpio_clear_pin(GPIO_PORT_1, GPIO_PIN_4);
  22   1              mDelaymS(250);
  23   1              gpio_set_pin(GPIO_PORT_1, GPIO_PIN_4);
  24   1              mDelaymS(250);
  25   1              uart_write_string(UART_0, test_string);
  26   1      
  27   1              while(TRUE)
  28   1              {
  29   2                      ++time;
  30   2                      gpio_write_pin(GPIO_PORT_1, GPIO_PIN_4, time & 0x80);
  31   2                      
  32   2                      if(uart_bytes_available(UART_0))
  33   2                      {
  34   3                              temp = uart_read_byte(UART_0);
  35   3                              uart_write_byte(UART_0, temp);
  36   3                      }
  37   2                      
  38   2                      mDelayuS(1000);
  39   2              }
  40   1      }
  41          


MODULE INFORMATION:   STATIC OVERLAYABLE
   CODE SIZE        =    151    ----
   CONSTANT SIZE    =      6    ----
   XDATA SIZE       =   ----       2
   PDATA SIZE       =   ----    ----
   DATA SIZE        =   ----    ----
   IDATA SIZE       =   ----    ----
   BIT SIZE         =   ----    ----
END OF MODULE INFORMATION.


C51 COMPILATION COMPLETE.  0 WARNING(S),  0 ERROR(S)
